app/build/outputs/mapping/release/mapping.txt
# compiler: R8
# compiler_version: 8.5.10
# min_api: 21
# common_typos_disable
# {"id":"com.android.tools.r8.mapping","version":"2.2"}
# pg_map_id: 9c8d240
# pg_map_hash: SHA-256 9c8d240344564005875f854cf5a5a559b6a6afa323f34eb074fc8262ee78900c
com.github.ykayrus.lotomaisfacil.Application -> com.github.ykayrus.lotomaisfacil.Application:
# {"id":"sourceFile","fileName":"Application.java"}
com.github.ykayrus.lotomaisfacil.DelegationService -> com.github.ykayrus.lotomaisfacil.DelegationService:
# {"id":"sourceFile","fileName":"DelegationService.java"}
com.github.ykayrus.lotomaisfacil.LauncherActivity -> com.github.ykayrus.lotomaisfacil.LauncherActivity:
# {"id":"sourceFile","fileName":"LauncherActivity.java"}
    1:1:android.net.Uri getLaunchingUrl():0:0 -> h
...
androidx.versionedparcelable.VersionedParcel -> androidx.versionedparcelable.a:
# {"id":"sourceFile","fileName":"VersionedParcel.java"}
    androidx.collection.ArrayMap mReadCache -> a
      # {"id":"com.android.tools.r8.residualsignature","signature":"Lh/a;"}
    androidx.collection.ArrayMap mWriteCache -> b
      # {"id":"com.android.tools.r8.residualsignature","signature":"Lh/a;"}
    androidx.collection.ArrayMap mParcelizerCache -> c
      # {"id":"com.android.tools.r8.residualsignature","signature":"Lh/a;"}
    1:10:void <init>(androidx.collection.ArrayMap,androidx.collection.ArrayMap,androidx.collection.ArrayMap):0:0 -> <init>
      # {"id":"com.android.tools.r8.residualsignature","signature":"(Lh/a;Lh/a;Lh/a;)V"}
    void writeByteArray(byte[]) -> A
    1:1:void writeByteArray(byte[],int):0:0 -> B
    void writeCharSequence(java.lang.CharSequence) -> C
    1:1:void writeCharSequence(java.lang.CharSequence,int):0:0 -> D
    void writeInt(int) -> E
    1:1:void writeInt(int,int):0:0 -> F
    void writeParcelable(android.os.Parcelable) -> G
    1:1:void writeParcelable(android.os.Parcelable,int):0:0 -> H
    void writeString(java.lang.String) -> I
    1:1:void writeString(java.lang.String,int):0:0 -> J
    1:77:void writeToParcel(androidx.versionedparcelable.VersionedParcelable,androidx.versionedparcelable.VersionedParcel):0:0 -> K
      # {"id":"com.android.tools.r8.residualsignature","signature":"(Ll/a;Landroidx/versionedparcelable/a;)V"}
androidx.versionedparcelable.VersionedParcelParcel -> androidx.versionedparcelable.b:
# {"id":"sourceFile","fileName":"VersionedParcelParcel.java"}
    android.util.SparseIntArray mPositionLookup -> d
    android.os.Parcel mParcel -> e
    int mOffset -> f
    int mEnd -> g
    java.lang.String mPrefix -> h
    int mCurrentField -> i
    int mNextRead -> j
    int mFieldId -> k
    1:1:void <init>(android.os.Parcel):0:0 -> <init>
    2:2:void <init>(android.os.Parcel,int,int,java.lang.String,androidx.collection.ArrayMap,androidx.collection.ArrayMap,androidx.collection.ArrayMap):0:0 -> <init>
      # {"id":"com.android.tools.r8.residualsignature","signature":"(Landroid/os/Parcel;IILjava/lang/String;Lh/a;Lh/a;Lh/a;)V"}
    1:1:void writeByteArray(byte[]):0:0 -> A
    1:1:void writeCharSequence(java.lang.CharSequence):0:0 -> C
    1:1:void writeInt(int):0:0 -> E
    1:1:void writeParcelable(android.os.Parcelable):0:0 -> G
    1:1:void writeString(java.lang.String):0:0 -> I
    1:1:void closeField():0:0 -> a
    1:1:androidx.versionedparcelable.VersionedParcel createSubParcel():0:0 -> b
      # {"id":"com.android.tools.r8.residualsignature","signature":"()Landroidx/versionedparcelable/a;"}
    1:1:boolean readBoolean():0:0 -> g
    1:1:byte[] readByteArray():0:0 -> i
    1:1:java.lang.CharSequence readCharSequence():0:0 -> k
    1:1:boolean readField(int):0:0 -> m
    1:1:int readInt():0:0 -> o
    1:1:android.os.Parcelable readParcelable():0:0 -> q
androidx.versionedparcelable.VersionedParcelable -> l.a:
# {"id":"sourceFile","fileName":"VersionedParcelable.java"}
com.google.androidbrowserhelper.R$drawable -> m.a:
    int ic_site_settings -> a
com.google.androidbrowserhelper.R$string -> m.b:
    int manage_space_no_data_toast -> a
    int manage_space_not_supported_toast -> b