app/build/outputs/mapping/release/usage.txt
com.github.ykayrus.lotomaisfacil.R$bool
com.github.ykayrus.lotomaisfacil.R$color
com.github.ykayrus.lotomaisfacil.R$drawable
com.github.ykayrus.lotomaisfacil.R$integer
com.github.ykayrus.lotomaisfacil.R$mipmap
com.github.ykayrus.lotomaisfacil.R$raw
com.github.ykayrus.lotomaisfacil.R$string
com.github.ykayrus.lotomaisfacil.R$xml
com.github.ykayrus.lotomaisfacil.R
...
android.support.customtabs.trusted.ITrustedWebActivityCallback$Stub:
    private static final java.lang.String DESCRIPTOR
    static final int TRANSACTION_onExtraCallback
    public void <init>()
    public android.os.IBinder asBinder()
    public static android.support.customtabs.trusted.ITrustedWebActivityCallback getDefaultImpl()
    public boolean onTransact(int,android.os.Parcel,android.os.Parcel,int)
    public static boolean setDefaultImpl(android.support.customtabs.trusted.ITrustedWebActivityCallback)
android.support.customtabs.trusted.ITrustedWebActivityCallback:
    public abstract void onExtraCallback(java.lang.String,android.os.Bundle)
android.support.customtabs.trusted.ITrustedWebActivityService$Default
android.support.customtabs.trusted.ITrustedWebActivityService$Stub$Proxy
android.support.customtabs.trusted.ITrustedWebActivityService$Stub:
    private static final java.lang.String DESCRIPTOR
    static final int TRANSACTION_areNotificationsEnabled
    static final int TRANSACTION_cancelNotification
    static final int TRANSACTION_extraCommand
    static final int TRANSACTION_getActiveNotifications
    static final int TRANSACTION_getSmallIconBitmap
    static final int TRANSACTION_getSmallIconId
    static final int TRANSACTION_notifyNotificationWithChannel
    public static android.support.customtabs.trusted.ITrustedWebActivityService asInterface(android.os.IBinder)
    public static android.support.customtabs.trusted.ITrustedWebActivityService getDefaultImpl()
    public static boolean setDefaultImpl(android.support.customtabs.trusted.ITrustedWebActivityService)
android.support.v4.app.INotificationSideChannel$Stub$Proxy
android.support.v4.app.INotificationSideChannel$Stub
android.support.v4.app.INotificationSideChannel
android.support.v4.os.IResultReceiver$Stub$Proxy
android.support.v4.os.IResultReceiver$Stub
android.support.v4.os.IResultReceiver
android.support.v4.os.ResultReceiver$1
android.support.v4.os.ResultReceiver$MyResultReceiver
android.support.v4.os.ResultReceiver$MyRunnable
android.support.v4.os.ResultReceiver
androidx.annotation.AnimRes
androidx.annotation.AnimatorRes
androidx.annotation.AnyRes
androidx.annotation.AnyThread
androidx.annotation.ArrayRes
androidx.annotation.AttrRes
androidx.annotation.BinderThread
androidx.annotation.BoolRes
androidx.annotation.CallSuper
androidx.annotation.CheckResult
androidx.annotation.ColorInt
androidx.annotation.ColorLong
androidx.annotation.ColorRes
androidx.annotation.ContentView
androidx.annotation.DimenRes
androidx.annotation.Dimension
androidx.annotation.DrawableRes
androidx.annotation.FloatRange
androidx.annotation.FontRes
androidx.annotation.FractionRes
androidx.annotation.GuardedBy
androidx.annotation.HalfFloat
androidx.annotation.IdRes
androidx.annotation.InspectableProperty$EnumEntry
androidx.annotation.InspectableProperty$FlagEntry
androidx.annotation.InspectableProperty$ValueType
androidx.annotation.InspectableProperty
androidx.annotation.IntDef
androidx.annotation.IntRange
androidx.annotation.IntegerRes
androidx.annotation.InterpolatorRes
androidx.annotation.LayoutRes
androidx.annotation.LongDef
androidx.annotation.MainThread
androidx.annotation.MenuRes
androidx.annotation.NavigationRes
androidx.annotation.NonNull
androidx.annotation.Nullable
androidx.annotation.PluralsRes
androidx.annotation.Px
androidx.annotation.RawRes
androidx.annotation.RequiresApi
androidx.annotation.RequiresFeature
androidx.annotation.RequiresPermission$Read
androidx.annotation.RequiresPermission$Write
androidx.annotation.RequiresPermission
androidx.annotation.RestrictTo$Scope
androidx.annotation.RestrictTo
androidx.annotation.Size
androidx.annotation.StringDef
androidx.annotation.StringRes
androidx.annotation.StyleRes
androidx.annotation.StyleableRes
androidx.annotation.TransitionRes
androidx.annotation.UiThread
androidx.annotation.VisibleForTesting
androidx.annotation.WorkerThread
androidx.annotation.XmlRes
androidx.arch.core.internal.FastSafeIterableMap